<?xml version="1.0" encoding="UTF-8"?>
<!-- Generated by org.testng.reporters.JUnitReportReporter -->
<testsuite hostname="DESKTOP-2C4SEMH" failures="0" tests="1" name="Myclass" time="33.573" errors="0" timestamp="2023-04-27T06:22:24 EEST" skipped="0">
  <testcase classname="Myclass" name="ClickonAllDigits" time="33.573"/>
  <system-out/>
</testsuite> <!-- Myclass -->
